#
# There is insufficient memory for the Java Runtime Environment to continue.
# Native memory allocation (malloc) failed to allocate 1406416 bytes for Chunk::new
# Possible reasons:
#   The system is out of physical RAM or swap space
#   In 32 bit mode, the process size limit was hit
# Possible solutions:
#   Reduce memory load on the system
#   Increase physical memory or swap space
#   Check if swap backing store is full
#   Use 64 bit Java on a 64 bit OS
#   Decrease Java heap size (-Xmx/-Xms)
#   Decrease number of Java threads
#   Decrease Java thread stack sizes (-Xss)
#   Set larger code cache with -XX:ReservedCodeCacheSize=
# This output file may be truncated or incomplete.
#
#  Out of Memory Error (allocation.cpp:390), pid=5364, tid=0x00000000000019fc
#
# JRE version: OpenJDK Runtime Environment (8.0_152-b02) (build 1.8.0_152-release-1024-b02)
# Java VM: OpenJDK 64-Bit Server VM (25.152-b02 mixed mode windows-amd64 compressed oops)
# Failed to write core dump. Minidumps are not enabled by default on client versions of Windows
#

---------------  T H R E A D  ---------------

Current thread (0x0000000015fda000):  JavaThread "C2 CompilerThread0" daemon [_thread_in_native, id=6652, stack(0x0000000017970000,0x0000000017a70000)]

Stack: [0x0000000017970000,0x0000000017a70000]
[error occurred during error reporting (printing stack bounds), id 0xc0000005]

Native frames: (J=compiled Java code, j=interpreted, Vv=VM code, C=native code)


Current CompileTask:
C2:10134157 29400       4       com.android.build.gradle.internal.incremental.IncrementalSupportVisitor$1::visitCase (266 bytes)


---------------  P R O C E S S  ---------------

Java Threads: ( => current thread )
  0x00000000173d0800 JavaThread "ForkJoinPool.commonPool-worker-2" daemon [_thread_blocked, id=6708, stack(0x0000000027aa0000,0x0000000027ba0000)]
  0x00000000173cd000 JavaThread "ForkJoinPool.commonPool-worker-1" daemon [_thread_blocked, id=6312, stack(0x0000000027690000,0x0000000027790000)]
  0x00000000173d0000 JavaThread "ForkJoinPool.commonPool-worker-0" daemon [_thread_blocked, id=5608, stack(0x0000000027490000,0x0000000027590000)]
  0x00000000173c7000 JavaThread "Cache worker for Java compile cache (C:\Users\seunghee\dev\AndroidStudio_workspace\Hello\.gradle\4.4\javaCompile)" [_thread_blocked, id=96, stack(0x0000000027390000,0x0000000027490000)]
  0x00000000173c6000 JavaThread "Task worker for ':' Thread 3" [_thread_blocked, id=3048, stack(0x0000000027290000,0x0000000027390000)]
  0x00000000173c9000 JavaThread "Task worker for ':' Thread 2" [_thread_blocked, id=2812, stack(0x00000000251f0000,0x00000000252f0000)]
  0x000000001cf02000 JavaThread "Task worker for ':'" [_thread_blocked, id=6400, stack(0x00000000250f0000,0x00000000251f0000)]
  0x000000001cf03800 JavaThread "Cache worker for Build Output Cleanup Cache (C:\Users\seunghee\dev\AndroidStudio_workspace\Hello\.gradle\buildOutputCleanup)" [_thread_blocked, id=5800, stack(0x0000000024ff0000,0x00000000250f0000)]
  0x000000001ceff000 JavaThread "Cache worker for task history cache (C:\Users\seunghee\dev\AndroidStudio_workspace\Hello\.gradle\4.4\taskHistory)" [_thread_blocked, id=6904, stack(0x0000000024af0000,0x0000000024bf0000)]
  0x000000001cefe000 JavaThread "Cache worker for file content cache (C:\Users\seunghee\dev\AndroidStudio_workspace\Hello\.gradle\4.4\fileContent)" [_thread_blocked, id=144, stack(0x0000000023dd0000,0x0000000023ed0000)]
  0x000000001cf01000 JavaThread "build operations Thread 4" [_thread_blocked, id=2648, stack(0x00000000225b0000,0x00000000226b0000)]
  0x000000001cef9800 JavaThread "build operations Thread 3" [_thread_blocked, id=2068, stack(0x0000000021a90000,0x0000000021b90000)]
  0x000000001cefb000 JavaThread "build operations Thread 2" [_thread_blocked, id=6500, stack(0x0000000020a90000,0x0000000020b90000)]
  0x000000001cef9000 JavaThread "build operations" [_thread_blocked, id=4876, stack(0x0000000020490000,0x0000000020590000)]
  0x000000001cef5000 JavaThread "Cache worker for Artifact transforms cache (C:\Users\seunghee\.gradle\caches\transforms-1)" [_thread_blocked, id=1568, stack(0x000000001dd00000,0x000000001de00000)]
  0x000000001cef4800 JavaThread "Cache worker for file hash cache (C:\Users\seunghee\dev\AndroidStudio_workspace\Hello\.gradle\4.4\fileHashes)" [_thread_blocked, id=2052, stack(0x000000001b690000,0x000000001b790000)]
  0x000000001cef6800 JavaThread "Stdin handler" [_thread_blocked, id=2968, stack(0x000000001a1c0000,0x000000001a2c0000)]
  0x000000001dc1e000 JavaThread "Asynchronous log dispatcher for DefaultDaemonConnection: socket connection from /127.0.0.1:49723 to /127.0.0.1:54517" [_thread_blocked, id=1132, stack(0x000000001a0c0000,0x000000001a1c0000)]
  0x000000001dc1f800 JavaThread "Daemon worker Thread 18" [_thread_in_native, id=6844, stack(0x0000000019fc0000,0x000000001a0c0000)]
  0x000000001dc1b800 JavaThread "Cancel handler" [_thread_blocked, id=6928, stack(0x0000000019ec0000,0x0000000019fc0000)]
  0x000000001dc1c800 JavaThread "Handler for socket connection from /127.0.0.1:49723 to /127.0.0.1:54517" [_thread_in_native, id=6388, stack(0x0000000019bc0000,0x0000000019cc0000)]
  0x000000001dc15000 JavaThread "Daemon Thread 18" [_thread_blocked, id=140, stack(0x0000000019ac0000,0x0000000019bc0000)]
  0x000000001cef7800 JavaThread "Java2D Disposer" daemon [_thread_blocked, id=6996, stack(0x00000000281e0000,0x00000000282e0000)]
  0x000000001b300800 JavaThread "Memory manager" [_thread_blocked, id=6096, stack(0x0000000021190000,0x0000000021290000)]
  0x000000001b302000 JavaThread "pool-1-thread-1" [_thread_blocked, id=6176, stack(0x000000001cb60000,0x000000001cc60000)]
  0x0000000019095800 JavaThread "File lock request listener" [_thread_in_native, id=3784, stack(0x000000001a5c0000,0x000000001a6c0000)]
  0x00000000192b2000 JavaThread "Cache worker for file hash cache (C:\Users\seunghee\.gradle\caches\4.4\fileHashes)" [_thread_blocked, id=2836, stack(0x000000001a4c0000,0x000000001a5c0000)]
  0x000000001904b800 JavaThread "Daemon periodic checks" [_thread_blocked, id=3624, stack(0x00000000199c0000,0x0000000019ac0000)]
  0x0000000018f24800 JavaThread "Incoming local TCP Connector on port 49723" [_thread_in_native, id=412, stack(0x0000000019840000,0x0000000019940000)]
  0x00000000173fc000 JavaThread "Service Thread" daemon [_thread_blocked, id=6788, stack(0x0000000017c70000,0x0000000017d70000)]
  0x0000000017386800 JavaThread "C1 CompilerThread2" daemon [_thread_blocked, id=640, stack(0x0000000017b70000,0x0000000017c70000)]
  0x0000000015fde800 JavaThread "C2 CompilerThread1" daemon [_thread_blocked, id=1000, stack(0x0000000017a70000,0x0000000017b70000)]
=>0x0000000015fda000 JavaThread "C2 CompilerThread0" daemon [_thread_in_native, id=6652, stack(0x0000000017970000,0x0000000017a70000)]
  0x0000000015fd9000 JavaThread "Attach Listener" daemon [_thread_blocked, id=6420, stack(0x0000000017870000,0x0000000017970000)]
  0x0000000017378800 JavaThread "Signal Dispatcher" daemon [_thread_blocked, id=6768, stack(0x0000000017770000,0x0000000017870000)]
  0x0000000015f68800 JavaThread "Finalizer" daemon [_thread_blocked, id=5560, stack(0x00000000171f0000,0x00000000172f0000)]
  0x0000000002602000 JavaThread "Reference Handler" daemon [_thread_blocked, id=6980, stack(0x00000000170f0000,0x00000000171f0000)]
  0x000000000250e000 JavaThread "main" [_thread_blocked, id=6396, stack(0x00000000023b0000,0x00000000024b0000)]

Other Threads:
  0x0000000015f46000 VMThread [stack: 0x0000000016ff0000,0x00000000170f0000] [id=1824]
  0x00000000173ff000 WatcherThread [stack: 0x0000000017d70000,0x0000000017e70000] [id=6316]

VM state:not at safepoint (normal execution)

VM Mutex/Monitor currently owned by a thread: None

Heap:
 PSYoungGen      total 478720K, used 257063K [0x00000000e0000000, 0x0000000100000000, 0x0000000100000000)
  eden space 434176K, 56% used [0x00000000e0000000,0x00000000eeebf4c0,0x00000000fa800000)
  from space 44544K, 28% used [0x00000000fa800000,0x00000000fb44aa60,0x00000000fd380000)
  to   space 45056K, 0% used [0x00000000fd400000,0x00000000fd400000,0x0000000100000000)
 ParOldGen       total 194048K, used 109764K [0x00000000a0000000, 0x00000000abd80000, 0x00000000e0000000)
  object space 194048K, 56% used [0x00000000a0000000,0x00000000a6b31100,0x00000000abd80000)
 Metaspace       used 99231K, capacity 106008K, committed 106316K, reserved 1142784K
  class space    used 12291K, capacity 13576K, committed 13696K, reserved 1048576K

Card table byte_map: [0x00000000119d0000,0x0000000011ce0000] byte_map_base: 0x00000000114d0000

Marking Bits: (ParMarkBitMap*) 0x0000000058764970
 Begin Bits: [0x00000000122e0000, 0x0000000013ae0000)
 End Bits:   [0x0000000013ae0000, 0x00000000152e0000)

Polling page: 0x00000000007c0000

CodeCache: size=245760Kb used=81098Kb max_used=81109Kb free=164661Kb
 bounds [0x0000000002610000, 0x00000000075e0000, 0x0000000011610000]
 total_blobs=23383 nmethods=22378 adapters=915
 compilation: enabled

Compilation events (10 events):
Event: 10132.562 Thread 0x0000000017386800 29427       1       com.google.common.collect.ImmutableSet::isHashCodeFast (2 bytes)
Event: 10132.562 Thread 0x0000000017386800 nmethod 29427 0x00000000056e74d0 code [0x00000000056e7620, 0x00000000056e7730]
Event: 10132.604 Thread 0x0000000017386800 29428       3       java.util.zip.ZipOutputStream::writeBytes (22 bytes)
Event: 10132.606 Thread 0x0000000017386800 nmethod 29428 0x0000000002802b90 code [0x0000000002802d00, 0x0000000002802f48]
Event: 10132.615 Thread 0x0000000017386800 29429       3       java.util.zip.ZipOutputStream::getExtraLen (96 bytes)
Event: 10132.616 Thread 0x0000000017386800 nmethod 29429 0x0000000005bcc1d0 code [0x0000000005bcc380, 0x0000000005bcc9d0]
Event: 10132.618 Thread 0x0000000017386800 29430       3       java.util.zip.ZipOutputStream::version (48 bytes)
Event: 10132.618 Thread 0x0000000017386800 nmethod 29430 0x0000000002803c50 code [0x0000000002803dc0, 0x0000000002803fe8]
Event: 10132.650 Thread 0x0000000015fde800 29431  s!   4       java.lang.ClassLoader::initSystemClassLoader (109 bytes)
Event: 10132.652 Thread 0x0000000015fde800 nmethod 29431 0x00000000039263d0 code [0x0000000003926520, 0x0000000003926758]

GC Heap History (10 events):
Event: 8039.200 GC heap before
{Heap before GC invocations=47 (full 4):
 PSYoungGen      total 477696K, used 464613K [0x00000000e0000000, 0x0000000100000000, 0x0000000100000000)
  eden space 433152K, 99% used [0x00000000e0000000,0x00000000fa61bc10,0x00000000fa700000)
  from space 44544K, 72% used [0x00000000fd480000,0x00000000ff41dbb8,0x0000000100000000)
  to   space 45568K, 0% used [0x00000000fa700000,0x00000000fa700000,0x00000000fd380000)
 ParOldGen       total 194048K, used 95232K [0x00000000a0000000, 0x00000000abd80000, 0x00000000e0000000)
  object space 194048K, 49% used [0x00000000a0000000,0x00000000a5d003f0,0x00000000abd80000)
 Metaspace       used 98888K, capacity 105486K, committed 105676K, reserved 1140736K
  class space    used 12285K, capacity 13567K, committed 13568K, reserved 1048576K
Event: 8039.257 GC heap after
Heap after GC invocations=47 (full 4):
 PSYoungGen      total 460288K, used 26827K [0x00000000e0000000, 0x00000000ffe00000, 0x0000000100000000)
  eden space 433152K, 0% used [0x00000000e0000000,0x00000000e0000000,0x00000000fa700000)
  from space 27136K, 98% used [0x00000000fa700000,0x00000000fc132d68,0x00000000fc180000)
  to   space 44032K, 0% used [0x00000000fd300000,0x00000000fd300000,0x00000000ffe00000)
 ParOldGen       total 194048K, used 95232K [0x00000000a0000000, 0x00000000abd80000, 0x00000000e0000000)
  object space 194048K, 49% used [0x00000000a0000000,0x00000000a5d003f0,0x00000000abd80000)
 Metaspace       used 98888K, capacity 105486K, committed 105676K, reserved 1140736K
  class space    used 12285K, capacity 13567K, committed 13568K, reserved 1048576K
}
Event: 8043.790 GC heap before
{Heap before GC invocations=48 (full 4):
 PSYoungGen      total 460288K, used 458996K [0x00000000e0000000, 0x00000000ffe00000, 0x0000000100000000)
  eden space 433152K, 99% used [0x00000000e0000000,0x00000000fa60a358,0x00000000fa700000)
  from space 27136K, 98% used [0x00000000fa700000,0x00000000fc132d68,0x00000000fc180000)
  to   space 44032K, 0% used [0x00000000fd300000,0x00000000fd300000,0x00000000ffe00000)
 ParOldGen       total 194048K, used 95232K [0x00000000a0000000, 0x00000000abd80000, 0x00000000e0000000)
  object space 194048K, 49% used [0x00000000a0000000,0x00000000a5d003f0,0x00000000abd80000)
 Metaspace       used 98954K, capacity 105572K, committed 105804K, reserved 1140736K
  class space    used 12286K, capacity 13570K, committed 13696K, reserved 1048576K
Event: 8043.830 GC heap after
Heap after GC invocations=48 (full 4):
 PSYoungGen      total 478208K, used 30444K [0x00000000e0000000, 0x0000000100000000, 0x0000000100000000)
  eden space 434176K, 0% used [0x00000000e0000000,0x00000000e0000000,0x00000000fa800000)
  from space 44032K, 69% used [0x00000000fd300000,0x00000000ff0bb110,0x00000000ffe00000)
  to   space 44032K, 0% used [0x00000000fa800000,0x00000000fa800000,0x00000000fd300000)
 ParOldGen       total 194048K, used 95232K [0x00000000a0000000, 0x00000000abd80000, 0x00000000e0000000)
  object space 194048K, 49% used [0x00000000a0000000,0x00000000a5d003f0,0x00000000abd80000)
 Metaspace       used 98954K, capacity 105572K, committed 105804K, reserved 1140736K
  class space    used 12286K, capacity 13570K, committed 13696K, reserved 1048576K
}
Event: 8449.128 GC heap before
{Heap before GC invocations=49 (full 4):
 PSYoungGen      total 478208K, used 464004K [0x00000000e0000000, 0x0000000100000000, 0x0000000100000000)
  eden space 434176K, 99% used [0x00000000e0000000,0x00000000fa766298,0x00000000fa800000)
  from space 44032K, 69% used [0x00000000fd300000,0x00000000ff0bb110,0x00000000ffe00000)
  to   space 44032K, 0% used [0x00000000fa800000,0x00000000fa800000,0x00000000fd300000)
 ParOldGen       total 194048K, used 95232K [0x00000000a0000000, 0x00000000abd80000, 0x00000000e0000000)
  object space 194048K, 49% used [0x00000000a0000000,0x00000000a5d003f0,0x00000000abd80000)
 Metaspace       used 99042K, capacity 105724K, committed 106060K, reserved 1142784K
  class space    used 12289K, capacity 13574K, committed 13696K, reserved 1048576K
Event: 8449.169 GC heap after
Heap after GC invocations=49 (full 4):
 PSYoungGen      total 478208K, used 26710K [0x00000000e0000000, 0x00000000ffd00000, 0x0000000100000000)
  eden space 434176K, 0% used [0x00000000e0000000,0x00000000e0000000,0x00000000fa800000)
  from space 44032K, 60% used [0x00000000fa800000,0x00000000fc215940,0x00000000fd300000)
  to   space 42496K, 0% used [0x00000000fd380000,0x00000000fd380000,0x00000000ffd00000)
 ParOldGen       total 194048K, used 95232K [0x00000000a0000000, 0x00000000abd80000, 0x00000000e0000000)
  object space 194048K, 49% used [0x00000000a0000000,0x00000000a5d003f0,0x00000000abd80000)
 Metaspace       used 99042K, capacity 105724K, committed 106060K, reserved 1142784K
  class space    used 12289K, capacity 13574K, committed 13696K, reserved 1048576K
}
Event: 8696.193 GC heap before
{Heap before GC invocations=50 (full 4):
 PSYoungGen      total 478208K, used 460886K [0x00000000e0000000, 0x00000000ffd00000, 0x0000000100000000)
  eden space 434176K, 100% used [0x00000000e0000000,0x00000000fa800000,0x00000000fa800000)
  from space 44032K, 60% used [0x00000000fa800000,0x00000000fc215940,0x00000000fd300000)
  to   space 42496K, 0% used [0x00000000fd380000,0x00000000fd380000,0x00000000ffd00000)
 ParOldGen       total 194048K, used 95232K [0x00000000a0000000, 0x00000000abd80000, 0x00000000e0000000)
  object space 194048K, 49% used [0x00000000a0000000,0x00000000a5d003f0,0x00000000abd80000)
 Metaspace       used 99127K, capacity 105810K, committed 106060K, reserved 1142784K
  class space    used 12290K, capacity 13575K, committed 13696K, reserved 1048576K
Event: 8696.287 GC heap after
Heap after GC invocations=50 (full 4):
 PSYoungGen      total 476672K, used 34978K [0x00000000e0000000, 0x0000000100000000, 0x0000000100000000)
  eden space 434176K, 0% used [0x00000000e0000000,0x00000000e0000000,0x00000000fa800000)
  from space 42496K, 82% used [0x00000000fd380000,0x00000000ff5a8b10,0x00000000ffd00000)
  to   space 44544K, 0% used [0x00000000fa800000,0x00000000fa800000,0x00000000fd380000)
 ParOldGen       total 194048K, used 95264K [0x00000000a0000000, 0x00000000abd80000, 0x00000000e0000000)
  object space 194048K, 49% used [0x00000000a0000000,0x00000000a5d083f0,0x00000000abd80000)
 Metaspace       used 99127K, capacity 105810K, committed 106060K, reserved 1142784K
  class space    used 12290K, capacity 13575K, committed 13696K, reserved 1048576K
}
Event: 10117.599 GC heap before
{Heap before GC invocations=51 (full 4):
 PSYoungGen      total 476672K, used 468952K [0x00000000e0000000, 0x0000000100000000, 0x0000000100000000)
  eden space 434176K, 99% used [0x00000000e0000000,0x00000000fa7cd890,0x00000000fa800000)
  from space 42496K, 82% used [0x00000000fd380000,0x00000000ff5a8b10,0x00000000ffd00000)
  to   space 44544K, 0% used [0x00000000fa800000,0x00000000fa800000,0x00000000fd380000)
 ParOldGen       total 194048K, used 95264K [0x00000000a0000000, 0x00000000abd80000, 0x00000000e0000000)
  object space 194048K, 49% used [0x00000000a0000000,0x00000000a5d083f0,0x00000000abd80000)
 Metaspace       used 99197K, capacity 105874K, committed 106060K, reserved 1142784K
  class space    used 12291K, capacity 13575K, committed 13696K, reserved 1048576K
Event: 10117.718 GC heap after
Heap after GC invocations=51 (full 4):
 PSYoungGen      total 478720K, used 12586K [0x00000000e0000000, 0x0000000100000000, 0x0000000100000000)
  eden space 434176K, 0% used [0x00000000e0000000,0x00000000e0000000,0x00000000fa800000)
  from space 44544K, 28% used [0x00000000fa800000,0x00000000fb44aa60,0x00000000fd380000)
  to   space 45056K, 0% used [0x00000000fd400000,0x00000000fd400000,0x0000000100000000)
 ParOldGen       total 194048K, used 109764K [0x00000000a0000000, 0x00000000abd80000, 0x00000000e0000000)
  object space 194048K, 56% used [0x00000000a0000000,0x00000000a6b31100,0x00000000abd80000)
 Metaspace       used 99197K, capacity 105874K, committed 106060K, reserved 1142784K
  class space    used 12291K, capacity 13575K, committed 13696K, reserved 1048576K
}

Deoptimization events (10 events):
Event: 7017.847 Thread 0x00000000173c9000 Uncommon trap: reason=class_check action=maybe_recompile pc=0x00000000061c9808 method=java.nio.file.Files.walkFileTree(Ljava/nio/file/Path;Ljava/util/Set;ILjava/nio/file/FileVisitor;)Ljava/nio/file/Path; @ 144
Event: 7017.867 Thread 0x00000000173c9000 Uncommon trap: reason=class_check action=maybe_recompile pc=0x000000000679e158 method=com.android.ide.common.res2.DataMerger.mergeData(Lcom/android/ide/common/res2/MergeConsumer;Z)V @ 5
Event: 7019.351 Thread 0x00000000173c9000 Uncommon trap: reason=class_check action=maybe_recompile pc=0x000000000679e158 method=com.android.ide.common.res2.DataMerger.mergeData(Lcom/android/ide/common/res2/MergeConsumer;Z)V @ 5
Event: 8441.221 Thread 0x000000001cf02000 Uncommon trap: reason=unstable_if action=reinterpret pc=0x0000000004c99be0 method=com.google.common.cache.LongAdder.add(J)V @ 24
Event: 8441.247 Thread 0x000000001cef9000 Uncommon trap: reason=unstable_if action=reinterpret pc=0x00000000033b0678 method=com.google.common.cache.LongAdder.add(J)V @ 6
Event: 8682.376 Thread 0x000000001cefb000 Uncommon trap: reason=null_check action=make_not_entrant pc=0x0000000003c08cf8 method=org.gradle.api.internal.project.taskfactory.InputPropertyAnnotationHandler.attachActions(Lorg/gradle/api/internal/project/taskfactory/TaskPropertyActionContext;)V @ 26
Event: 10107.583 Thread 0x000000001dc1f800 Uncommon trap: reason=null_check action=make_not_entrant pc=0x000000000301f8b4 method=org.gradle.api.internal.project.taskfactory.InputPropertyAnnotationHandler.attachActions(Lorg/gradle/api/internal/project/taskfactory/TaskPropertyActionContext;)V @ 36
Event: 10116.536 Thread 0x00000000173c9000 Uncommon trap: reason=class_check action=maybe_recompile pc=0x0000000003c57bfc method=com.sun.tools.javac.code.Types$18.visitClassType(Lcom/sun/tools/javac/code/Type$ClassType;Ljava/lang/Void;)Lcom/sun/tools/javac/code/Type; @ 19
Event: 10116.937 Thread 0x00000000173c6000 Uncommon trap: reason=class_check action=maybe_recompile pc=0x000000000679e158 method=com.android.ide.common.res2.DataMerger.mergeData(Lcom/android/ide/common/res2/MergeConsumer;Z)V @ 5
Event: 10116.983 Thread 0x00000000173c9000 Uncommon trap: reason=class_check action=maybe_recompile pc=0x00000000061c9808 method=java.nio.file.Files.walkFileTree(Ljava/nio/file/Path;Ljava/util/Set;ILjava/nio/file/FileVisitor;)Ljava/nio/file/Path; @ 144

Classes redefined (0 events):
No events

Internal exceptions (10 events):
Event: 8693.378 Thread 0x00000000173d1800 Exception <a 'sun/nio/fs/WindowsException'> (0x00000000f53a2368) thrown at [D:\src\AOSP-openjdk-cygwin\jdk8u\hotspot\src\share\vm\prims\jni.cpp, line 709]
Event: 8693.378 Thread 0x00000000173d1800 Exception <a 'sun/nio/fs/WindowsException'> (0x00000000f53a2b20) thrown at [D:\src\AOSP-openjdk-cygwin\jdk8u\hotspot\src\share\vm\prims\jni.cpp, line 709]
Event: 8693.378 Thread 0x00000000173d1800 Exception <a 'sun/nio/fs/WindowsException'> (0x00000000f53a3b20) thrown at [D:\src\AOSP-openjdk-cygwin\jdk8u\hotspot\src\share\vm\prims\jni.cpp, line 709]
Event: 8693.379 Thread 0x00000000173d1800 Exception <a 'sun/nio/fs/WindowsException'> (0x00000000f53a42d0) thrown at [D:\src\AOSP-openjdk-cygwin\jdk8u\hotspot\src\share\vm\prims\jni.cpp, line 709]
Event: 8803.874 Thread 0x000000001b302000 Exception <a 'sun/nio/fs/WindowsException'> (0x00000000e49e16a0) thrown at [D:\src\AOSP-openjdk-cygwin\jdk8u\hotspot\src\share\vm\prims\jni.cpp, line 709]
Event: 9041.008 Thread 0x000000001b302000 Exception <a 'sun/nio/fs/WindowsException'> (0x00000000e4c47760) thrown at [D:\src\AOSP-openjdk-cygwin\jdk8u\hotspot\src\share\vm\prims\jni.cpp, line 709]
Event: 9281.751 Thread 0x000000001b302000 Exception <a 'sun/nio/fs/WindowsException'> (0x00000000e4ec5b80) thrown at [D:\src\AOSP-openjdk-cygwin\jdk8u\hotspot\src\share\vm\prims\jni.cpp, line 709]
Event: 10107.500 Thread 0x000000001dc1f800 Exception <a 'sun/nio/fs/WindowsException'> (0x00000000e618b4d8) thrown at [D:\src\AOSP-openjdk-cygwin\jdk8u\hotspot\src\share\vm\prims\jni.cpp, line 709]
Event: 10107.506 Thread 0x000000001dc1f800 Exception <a 'sun/nio/fs/WindowsException'> (0x00000000e6197708) thrown at [D:\src\AOSP-openjdk-cygwin\jdk8u\hotspot\src\share\vm\prims\jni.cpp, line 709]
Event: 10116.982 Thread 0x00000000173c9000 Exception <a 'sun/nio/fs/WindowsException'> (0x00000000ee43f700) thrown at [D:\src\AOSP-openjdk-cygwin\jdk8u\hotspot\src\share\vm\prims\jni.cpp, line 709]

Events (10 events):
Event: 10132.388 Executing VM operation: RevokeBias done
Event: 10132.388 Executing VM operation: RevokeBias
Event: 10132.388 Executing VM operation: RevokeBias done
Event: 10132.388 Executing VM operation: RevokeBias
Event: 10132.388 Executing VM operation: RevokeBias done
Event: 10132.389 Executing VM operation: RevokeBias
Event: 10132.390 Executing VM operation: RevokeBias done
Event: 10132.391 Executing VM operation: RevokeBias
Event: 10132.392 Executing VM operation: RevokeBias done
Event: 10132.608 Thread 0x0000000017386800 flushing nmethod 0x000000000337c5d0


Dynamic libraries:
0x00007ff64a080000 - 0x00007ff64a0b1000 	C:\Program Files\Android\Android Studio\jre\bin\java.exe
0x00007ffd67e10000 - 0x00007ffd67fbd000 	C:\Windows\SYSTEM32\ntdll.dll
0x00007ffd66f10000 - 0x00007ffd6704e000 	C:\Windows\system32\KERNEL32.DLL
0x00007ffd651a0000 - 0x00007ffd652b6000 	C:\Windows\system32\KERNELBASE.dll
0x00007ffd67340000 - 0x00007ffd673ea000 	C:\Windows\system32\ADVAPI32.dll
0x00007ffd67740000 - 0x00007ffd678b7000 	C:\Windows\system32\USER32.dll
0x00007ffd624a0000 - 0x00007ffd6271a000 	C:\Windows\WinSxS\amd64_microsoft.windows.common-controls_6595b64144ccf1df_6.0.9600.17810_none_6240b9c7ecbd0bda\COMCTL32.dll
0x00007ffd67690000 - 0x00007ffd6773a000 	C:\Windows\system32\msvcrt.dll
0x00007ffd65770000 - 0x00007ffd657c9000 	C:\Windows\SYSTEM32\sechost.dll
0x00007ffd674c0000 - 0x00007ffd67600000 	C:\Windows\system32\RPCRT4.dll
0x00007ffd671f0000 - 0x00007ffd6733b000 	C:\Windows\system32\GDI32.dll
0x00007ffd650c0000 - 0x00007ffd650ee000 	C:\Windows\system32\SspiCli.dll
0x00007ffd657d0000 - 0x00007ffd65806000 	C:\Windows\system32\IMM32.DLL
0x00007ffd65810000 - 0x00007ffd65961000 	C:\Windows\system32\MSCTF.dll
0x0000000057ec0000 - 0x0000000057f92000 	C:\Program Files\Android\Android Studio\jre\jre\bin\msvcr100.dll
0x0000000057fa0000 - 0x00000000587df000 	C:\Program Files\Android\Android Studio\jre\jre\bin\server\jvm.dll
0x00007ffd5f430000 - 0x00007ffd5f439000 	C:\Windows\SYSTEM32\WSOCK32.dll
0x00007ffd5a080000 - 0x00007ffd5a0a2000 	C:\Windows\SYSTEM32\WINMM.dll
0x00007ffd5eef0000 - 0x00007ffd5eefa000 	C:\Windows\SYSTEM32\VERSION.dll
0x00007ffd673f0000 - 0x00007ffd673f7000 	C:\Windows\system32\PSAPI.DLL
0x00007ffd65560000 - 0x00007ffd655ba000 	C:\Windows\system32\WS2_32.dll
0x00007ffd5a050000 - 0x00007ffd5a07a000 	C:\Windows\SYSTEM32\WINMMBASE.dll
0x00007ffd67930000 - 0x00007ffd67939000 	C:\Windows\system32\NSI.dll
0x00007ffd650f0000 - 0x00007ffd6513f000 	C:\Windows\SYSTEM32\cfgmgr32.dll
0x00007ffd63d50000 - 0x00007ffd63d78000 	C:\Windows\SYSTEM32\DEVOBJ.dll
0x00007ffd5ee90000 - 0x00007ffd5ee9f000 	C:\Program Files\Android\Android Studio\jre\jre\bin\verify.dll
0x00007ffd5ec20000 - 0x00007ffd5ec49000 	C:\Program Files\Android\Android Studio\jre\jre\bin\java.dll
0x00007ffd5ea40000 - 0x00007ffd5ea56000 	C:\Program Files\Android\Android Studio\jre\jre\bin\zip.dll
0x00007ffd65970000 - 0x00007ffd66e9c000 	C:\Windows\system32\SHELL32.dll
0x00007ffd67940000 - 0x00007ffd67b52000 	C:\Windows\SYSTEM32\combase.dll
0x00007ffd67610000 - 0x00007ffd67664000 	C:\Windows\system32\SHLWAPI.dll
0x00007ffd63050000 - 0x00007ffd63102000 	C:\Windows\SYSTEM32\SHCORE.dll
0x00007ffd64f40000 - 0x00007ffd64f55000 	C:\Windows\SYSTEM32\profapi.dll
0x00007ffd5ea20000 - 0x00007ffd5ea3a000 	C:\Program Files\Android\Android Studio\jre\jre\bin\net.dll
0x00007ffd64710000 - 0x00007ffd64769000 	C:\Windows\system32\mswsock.dll
0x00007ffd57c80000 - 0x00007ffd57c91000 	C:\Program Files\Android\Android Studio\jre\jre\bin\nio.dll
0x00007ffd57c60000 - 0x00007ffd57c7e000 	C:\Users\seunghee\.gradle\native\25\windows-amd64\native-platform.dll
0x00007ffd521f0000 - 0x00007ffd521fd000 	C:\Program Files\Android\Android Studio\jre\jre\bin\management.dll
0x00007ffd648f0000 - 0x00007ffd64910000 	C:\Windows\SYSTEM32\CRYPTSP.dll
0x00007ffd644e0000 - 0x00007ffd64516000 	C:\Windows\system32\rsaenh.dll
0x00007ffd64a20000 - 0x00007ffd64a46000 	C:\Windows\SYSTEM32\bcrypt.dll
0x00007ffd64590000 - 0x00007ffd645b1000 	C:\Windows\SYSTEM32\USERENV.dll
0x00007ffd64da0000 - 0x00007ffd64e03000 	C:\Windows\system32\bcryptprimitives.dll
0x00007ffd64e10000 - 0x00007ffd64e1b000 	C:\Windows\SYSTEM32\CRYPTBASE.dll
0x00007ffd5dc10000 - 0x00007ffd5dc3a000 	C:\Windows\SYSTEM32\IPHLPAPI.DLL
0x00007ffd5dbf0000 - 0x00007ffd5dbfa000 	C:\Windows\SYSTEM32\WINNSI.DLL
0x00007ffd5d6e0000 - 0x00007ffd5d6f6000 	C:\Windows\SYSTEM32\dhcpcsvc6.DLL
0x00007ffd5d8b0000 - 0x00007ffd5d8ca000 	C:\Windows\SYSTEM32\dhcpcsvc.DLL
0x00007ffd5cee0000 - 0x00007ffd5cf12000 	C:\Windows\SYSTEM32\ntmarta.dll
0x00007ffd4aaa0000 - 0x00007ffd4aac4000 	C:\Program Files\Android\Android Studio\jre\jre\bin\sunec.dll
0x00007ffd64420000 - 0x00007ffd644c4000 	C:\Windows\SYSTEM32\DNSAPI.dll
0x00007ffd5a040000 - 0x00007ffd5a04a000 	C:\Windows\System32\rasadhlp.dll
0x00007ffd5d780000 - 0x00007ffd5d7eb000 	C:\Windows\System32\fwpuclnt.dll
0x00007ffd4a540000 - 0x00007ffd4a54b000 	C:\Program Files\Android\Android Studio\jre\jre\bin\sunmscapi.dll
0x00007ffd652c0000 - 0x00007ffd6549f000 	C:\Windows\system32\CRYPT32.dll
0x00007ffd64ff0000 - 0x00007ffd65001000 	C:\Windows\system32\MSASN1.dll
0x00007ffd4aea0000 - 0x00007ffd4b036000 	C:\Program Files\Android\Android Studio\jre\jre\bin\awt.dll
0x00007ffd67d40000 - 0x00007ffd67e06000 	C:\Windows\system32\OLEAUT32.dll
0x00007ffd5f440000 - 0x00007ffd5f8c1000 	C:\Windows\SYSTEM32\d2d1.dll
0x00007ffd63950000 - 0x00007ffd639de000 	C:\Windows\system32\apphelp.dll
0x00007ffd633a0000 - 0x00007ffd633c1000 	C:\Windows\system32\DWMAPI.DLL
0x00007ffd63bd0000 - 0x00007ffd63cf9000 	C:\Windows\system32\uxtheme.dll

VM Arguments:
jvm_args: -Xmx1536m -Dfile.encoding=x-windows-949 -Duser.country=KR -Duser.language=ko -Duser.variant 
java_command: org.gradle.launcher.daemon.bootstrap.GradleDaemon 4.4
java_class_path (initial): C:\Users\seunghee\.gradle\wrapper\dists\gradle-4.4-all\9br9xq1tocpiv8o6njlyu5op1\gradle-4.4\lib\gradle-launcher-4.4.jar
Launcher Type: SUN_STANDARD

Environment Variables:
JAVA_HOME=C:\Program Files\Java\jdk1.8.0_144
PATH=C:\ProgramData\Oracle\Java\javapath;C:\oraclexe\app\oracle\product\10.2.0\server\bin;C:\app\seunghee\product\11.2.0\dbhome_1\bin;C:\Windows\system32;C:\Windows;C:\Windows\System32\Wbem;C:\Windows\System32\WindowsPowerShell\v1.0\;C:\Program Files\Microsoft SQL Server\120\Tools\Binn\;C:\Program Files (x86)\Common Files\Adobe\AGL;C:\Program Files (x86)\Windows Kits\8.1\Windows Performance Toolkit\;C:\Program Files\Java\jdk1.8.0_144\bin;C:\Program Files\Common Files\Autodesk Shared\;C:\Program Files (x86)\Autodesk\Backburner\;C:\Program Files\MySQL\MySQL Utilities 1.6\;C:\Program Files\MySQL\MySQL Server 5.7\bin;C:\Program Files\nodejs\;C:\Program Files (x86)\Microsoft SDKs\TypeScript\1.0\;C:\Users\seunghee\AppData\Local\atom\bin;C:\Users\seunghee\AppData\Roaming\npm\JAVA_HOME;C:\Program Files\Java\jdk1.8.0_144\bin
USERNAME=seunghee
OS=Windows_NT
PROCESSOR_IDENTIFIER=Intel64 Family 6 Model 61 Stepping 4, GenuineIntel



---------------  S Y S T E M  ---------------

OS: Windows 8.1 , 64 bit Build 9600 (6.3.9600.17415)

CPU:total 4 (initial active 4) (2 cores per cpu, 2 threads per core) family 6 model 61 stepping 4, cmov, cx8, fxsr, mmx, sse, sse2, sse3, ssse3, sse4.1, sse4.2, popcnt, avx, avx2, aes, clmul, erms, 3dnowpref, lzcnt, ht, tsc, tscinvbit, bmi1, bmi2, adx

Memory: 4k page, physical 8292268k(1596500k free), swap 12986284k(5524k free)

vm_info: OpenJDK 64-Bit Server VM (25.152-b02) for windows-amd64 JRE (1.8.0_152-release-1024-b02), built by "builder" with MS VC++ 10.0 (VS2010)

time: Tue May 01 15:00:41 2018
elapsed time: 10132 seconds (0d 2h 48m 52s)

